<?xml version="1.0" encoding="UTF-8"?>
<testsuite name="PartyTimeTest" tests="8" skipped="0" failures="0" errors="0" timestamp="2016-09-14T05:33:29" hostname="Jackson-Meyers-MacBook-Pro.local" time="0.005">
  <properties/>
  <testcase name="NewPartyTime_WhatTypeOfEventIsIt_wedding" classname="PartyTimeTest" time="0.002"/>
  <testcase name="NewPartyTime_BaseCostPeople_1000" classname="PartyTimeTest" time="0.0"/>
  <testcase name="NewPartyTime_getTotal_20000" classname="PartyTimeTest" time="0.0"/>
  <testcase name="NewPartyTime_instantiates_true" classname="PartyTimeTest" time="0.0"/>
  <testcase name="NewPartyTime_NumberOfHoursTheEventWillLast_8" classname="PartyTimeTest" time="0.0"/>
  <testcase name="NewPartyTime_calculateFoodPackagePerPerson_fogo" classname="PartyTimeTest" time="0.0"/>
  <testcase name="NewPartyTime_calculateLocationCharge_20000" classname="PartyTimeTest" time="0.0"/>
  <testcase name="NewPartyTime_calculateDrinkPackageCost_20" classname="PartyTimeTest" time="0.0"/>
  <system-out><![CDATA[]]></system-out>
  <system-err><![CDATA[]]></system-err>
</testsuite>
