<?xml version="1.0" encoding="UTF-8"?>
<testsuite name="PartyTimeTest" tests="3" skipped="0" failures="0" errors="0" timestamp="2016-09-10T05:45:04" hostname="JacksoneyersMBP" time="0.012">
  <properties/>
  <testcase name="NewPartyTime_instantiates_correctly" classname="PartyTimeTest" time="0.005"/>
  <testcase name="NewPartyTime_CostPerPerson_1000" classname="PartyTimeTest" time="0.001"/>
  <testcase name="NewPartyTime_determinesIfItIsAWeddingOrNot_true" classname="PartyTimeTest" time="0.001"/>
  <system-out><![CDATA[]]></system-out>
  <system-err><![CDATA[]]></system-err>
</testsuite>
