<?xml version="1.0" encoding="UTF-8"?>
<testsuite name="PartyTimeTest" tests="11" skipped="0" failures="0" errors="0" timestamp="2016-09-15T06:04:18" hostname="Jackson-Meyers-MacBook-Pro.local" time="0.016">
  <properties/>
  <testcase name="NewPartyTime_gettingTheLocationCharge_20000" classname="PartyTimeTest" time="0.003"/>
  <testcase name="NewPartyTime_WhatTypeOfEventIsIt_wedding" classname="PartyTimeTest" time="0.001"/>
  <testcase name="NewPartyTime_returningThefoodTotal_0" classname="PartyTimeTest" time="0.001"/>
  <testcase name="NewPartyTime_returningTheLocationTotal_15000" classname="PartyTimeTest" time="0.0"/>
  <testcase name="NewPartyTime_gettingFoodCostPerPerson_fogo" classname="PartyTimeTest" time="0.0"/>
  <testcase name="NewPartyTime_BaseCostPeople_1000" classname="PartyTimeTest" time="0.0"/>
  <testcase name="NewPartyTime_returningTheBarTotal_" classname="PartyTimeTest" time="0.0"/>
  <testcase name="NewPartyTime_gettingDrinkCostPerPerson_openbar" classname="PartyTimeTest" time="0.0"/>
  <testcase name="NewPartyTime_instantiates_true" classname="PartyTimeTest" time="0.001"/>
  <testcase name="NewPartyTime_NumberOfHoursTheEventWillLast_8" classname="PartyTimeTest" time="0.001"/>
  <testcase name="NewPartyTime_returningThetypeTotal_0" classname="PartyTimeTest" time="0.001"/>
  <system-out><![CDATA[]]></system-out>
  <system-err><![CDATA[]]></system-err>
</testsuite>
